{
  "stats": {
    "suites": 0,
    "tests": 0,
    "passes": 0,
    "pending": 0,
    "failures": 0,
    "start": "2017-11-07T03:33:11.755Z",
    "end": "2017-11-07T03:33:11.755Z",
    "duration": 0,
    "testsRegistered": 0,
    "passPercent": null,
    "pendingPercent": null,
    "other": 0,
    "hasOther": false,
    "skipped": 0,
    "hasSkipped": false,
    "passPercentClass": "success",
    "pendingPercentClass": "success"
  },
  "suites": {
    "title": "",
    "suites": [
      {
        "title": "Contract: Contribution",
        "suites": [],
        "tests": [],
        "pending": [],
        "root": false,
        "_timeout": 300000,
        "file": "/test/contribution_test.js",
        "uuid": "2ca6adca-f335-432f-845c-3f49d0400c8a",
        "beforeHooks": [
          {
            "title": "\"before all\" hook: prepare suite",
            "fullTitle": "Contract: Contribution \"before all\" hook: prepare suite",
            "timedOut": false,
            "duration": 0,
            "pass": false,
            "fail": false,
            "pending": false,
            "code": "this.timeout(runner.BEFORE_TIMEOUT);\nrunner.initialize(done);",
            "err": {},
            "isRoot": false,
            "uuid": "092bba56-bc3f-448f-afed-9c8e51245119",
            "parentUUID": "2ca6adca-f335-432f-845c-3f49d0400c8a",
            "isHook": true,
            "skipped": false
          },
          {
            "title": "\"before each\" hook: before test",
            "fullTitle": "Contract: Contribution \"before each\" hook: before test",
            "timedOut": false,
            "duration": 0,
            "pass": false,
            "fail": false,
            "pending": false,
            "code": "runner.startTest(this, done);",
            "err": {},
            "isRoot": false,
            "uuid": "f24edafc-b813-43da-b682-09cf6e9c1717",
            "parentUUID": "2ca6adca-f335-432f-845c-3f49d0400c8a",
            "isHook": true,
            "skipped": false
          }
        ],
        "afterHooks": [
          {
            "title": "\"after each\" hook: after test",
            "fullTitle": "Contract: Contribution \"after each\" hook: after test",
            "timedOut": false,
            "duration": 0,
            "pass": false,
            "fail": false,
            "pending": false,
            "code": "runner.endTest(this, done);",
            "err": {},
            "isRoot": false,
            "uuid": "4ec895ef-191a-42a2-ad2f-b9e8301e6be1",
            "parentUUID": "2ca6adca-f335-432f-845c-3f49d0400c8a",
            "isHook": true,
            "skipped": false
          }
        ],
        "fullFile": "/home/travis/build/BlockchainLabsNZ/bitcache-contracts/test/contribution_test.js",
        "passes": [],
        "failures": [],
        "skipped": [],
        "hasBeforeHooks": true,
        "hasAfterHooks": true,
        "hasTests": false,
        "hasSuites": false,
        "totalTests": 0,
        "totalPasses": 0,
        "totalFailures": 0,
        "totalPending": 0,
        "totalSkipped": 0,
        "hasPasses": false,
        "hasFailures": false,
        "hasPending": false,
        "hasSkipped": false,
        "duration": 0,
        "rootEmpty": false
      }
    ],
    "tests": [],
    "pending": [],
    "root": true,
    "_timeout": 2000,
    "uuid": "ff680324-a230-4f77-9eae-756112ce5d67",
    "beforeHooks": [],
    "afterHooks": [],
    "fullFile": "",
    "file": "",
    "passes": [],
    "failures": [],
    "skipped": [],
    "hasBeforeHooks": false,
    "hasAfterHooks": false,
    "hasTests": false,
    "hasSuites": true,
    "totalTests": 0,
    "totalPasses": 0,
    "totalFailures": 0,
    "totalPending": 0,
    "totalSkipped": 0,
    "hasPasses": false,
    "hasFailures": false,
    "hasPending": false,
    "hasSkipped": false,
    "duration": 0,
    "rootEmpty": true
  },
  "allTests": [],
  "allPending": [],
  "allPasses": [],
  "allFailures": [],
  "copyrightYear": 2017
}